Performing system checks...

November 08, 2023 - 21:07:45
Django version 4.2.1, using settings 'backend.settings'
Starting development server at http://0.0.0.0:8000/
Quit the server with CONTROL-C.

Performing system checks...

November 11, 2023 - 14:12:49
Django version 4.2.1, using settings 'backend.settings'
Starting development server at http://0.0.0.0:8000/
Quit the server with CONTROL-C.

Performing system checks...

November 11, 2023 - 15:03:48
Django version 4.2.1, using settings 'backend.settings'
Starting development server at http://0.0.0.0:8000/
Quit the server with CONTROL-C.

Performing system checks...

November 11, 2023 - 15:04:14
Django version 4.2.1, using settings 'backend.settings'
Starting development server at http://0.0.0.0:8000/
Quit the server with CONTROL-C.

Performing system checks...

November 11, 2023 - 15:05:23
Django version 4.2.1, using settings 'backend.settings'
Starting development server at http://0.0.0.0:8000/
Quit the server with CONTROL-C.

Performing system checks...

November 11, 2023 - 15:13:08
Django version 4.2.1, using settings 'backend.settings'
Starting development server at http://0.0.0.0:8000/
Quit the server with CONTROL-C.

Performing system checks...

November 15, 2023 - 01:49:01
Django version 4.2.1, using settings 'backend.settings'
Starting development server at http://0.0.0.0:9000/
Quit the server with CONTROL-C.

/home/nur/Backend-BomberosUUBR
/home/nur/Backend-BomberosUUBR
/home/nur/Backend-BomberosUUBR
